<?xml version="1.0" encoding="UTF-8"?>
<testng-results skipped="0" failed="0" ignored="0" total="1" passed="1">
  <reporter-output>
  </reporter-output>
  <suite name="Command line suite" duration-ms="8654" started-at="2017-12-02T08:45:34Z" finished-at="2017-12-02T08:45:43Z">
    <groups>
    </groups>
    <test name="Command line test" duration-ms="8654" started-at="2017-12-02T08:45:34Z" finished-at="2017-12-02T08:45:43Z">
      <class name="POM.Pegasus.AppTest">
        <test-method status="PASS" signature="test()[pri:0, instance:POM.Pegasus.AppTest@17f6480]" name="test" duration-ms="8588" started-at="2017-12-02T14:15:34Z" finished-at="2017-12-02T14:15:43Z">
          <reporter-output>
          </reporter-output>
        </test-method> <!-- test -->
      </class> <!-- POM.Pegasus.AppTest -->
    </test> <!-- Command line test -->
  </suite> <!-- Command line suite -->
</testng-results>
